<?xml version="1.0" encoding="UTF-8"?>
<!-- Generated by org.testng.reporters.JUnitXMLReporter -->
<testsuite ignored="0" hostname="DESKTOP-B22BUUO" failures="0" tests="3" name="Element" time="29.471" errors="0" timestamp="2022-11-03T11:40:49 CET">
  <testcase classname="com.telran.tests.element.ButtonsTest" name="clickMeTest" time="0.988"/>
  <testcase classname="com.telran.tests.element.ButtonsTest" name="doubleClickTest" time="0.618"/>
  <testcase classname="com.telran.tests.element.ButtonsTest" name="rightClickTest" time="0.683"/>
</testsuite> <!-- Element -->
