<?xml version="1.0" encoding="UTF-8"?>
<testng-results ignored="0" total="1" passed="1" failed="0" skipped="0">
  <reporter-output>
  </reporter-output>
  <suite started-at="2022-11-02T21:27:44 CET" name="SmokyTest" finished-at="2022-11-02T21:27:58 CET" duration-ms="14369">
    <groups>
    </groups>
    <test started-at="2022-11-02T21:27:44 CET" name="AddBook" finished-at="2022-11-02T21:27:58 CET" duration-ms="14369">
      <class name="com.telran.tests.bookstore.AddBookTests">
        <test-method is-config="true" signature="init()[pri:0, instance:com.telran.tests.bookstore.AddBookTests@18ece7f4]" started-at="2022-11-02T21:27:44 CET" name="init" finished-at="2022-11-02T21:27:50 CET" duration-ms="6680" status="PASS">
          <reporter-output>
          </reporter-output>
        </test-method> <!-- init -->
        <test-method is-config="true" signature="startTest(java.lang.reflect.Method, [Ljava.lang.Object;)[pri:0, instance:com.telran.tests.bookstore.AddBookTests@18ece7f4]" started-at="2022-11-02T21:27:50 CET" name="startTest" finished-at="2022-11-02T21:27:50 CET" duration-ms="19" status="PASS">
          <params>
            <param index="0">
              <value>
                <![CDATA[public void com.telran.tests.bookstore.AddBookTests.searchBookForLoginUserPositiveTest()]]>
              </value>
            </param>
            <param index="1">
              <value>
                <![CDATA[[Ljava.lang.Object;@65004ff6]]>
              </value>
            </param>
          </params>
          <reporter-output>
          </reporter-output>
        </test-method> <!-- startTest -->
        <test-method is-config="true" signature="ensurePrecondition()[pri:0, instance:com.telran.tests.bookstore.AddBookTests@18ece7f4]" started-at="2022-11-02T21:27:50 CET" name="ensurePrecondition" finished-at="2022-11-02T21:27:53 CET" duration-ms="3053" status="PASS">
          <reporter-output>
          </reporter-output>
        </test-method> <!-- ensurePrecondition -->
        <test-method signature="searchBookForLoginUserPositiveTest()[pri:0, instance:com.telran.tests.bookstore.AddBookTests@18ece7f4]" started-at="2022-11-02T21:27:53 CET" name="searchBookForLoginUserPositiveTest" finished-at="2022-11-02T21:27:56 CET" duration-ms="3026" status="PASS">
          <reporter-output>
          </reporter-output>
        </test-method> <!-- searchBookForLoginUserPositiveTest -->
        <test-method is-config="true" signature="deleteBookFromCollection()[pri:0, instance:com.telran.tests.bookstore.AddBookTests@18ece7f4]" started-at="2022-11-02T21:27:56 CET" name="deleteBookFromCollection" finished-at="2022-11-02T21:27:58 CET" duration-ms="1535" status="PASS">
          <reporter-output>
          </reporter-output>
        </test-method> <!-- deleteBookFromCollection -->
        <test-method is-config="true" signature="stopTest(org.testng.ITestResult)[pri:0, instance:com.telran.tests.bookstore.AddBookTests@18ece7f4]" started-at="2022-11-02T21:27:58 CET" name="stopTest" finished-at="2022-11-02T21:27:58 CET" duration-ms="1" status="PASS">
          <params>
            <param index="0">
              <value>
                <![CDATA[[TestResult name=searchBookForLoginUserPositiveTest status=SUCCESS method=AddBookTests.searchBookForLoginUserPositiveTest()[pri:0, instance:com.telran.tests.bookstore.AddBookTests@18ece7f4] output={null}]]]>
              </value>
            </param>
          </params>
          <reporter-output>
          </reporter-output>
        </test-method> <!-- stopTest -->
      </class> <!-- com.telran.tests.bookstore.AddBookTests -->
    </test> <!-- AddBook -->
  </suite> <!-- SmokyTest -->
</testng-results>
