<?xml version="1.0" encoding="UTF-8"?>
<testng-results ignored="0" total="2" passed="2" failed="0" skipped="0">
  <reporter-output>
  </reporter-output>
  <suite started-at="2022-11-01T10:29:37 CET" name="User" finished-at="2022-11-01T10:30:03 CET" duration-ms="25735">
    <groups>
    </groups>
    <test started-at="2022-11-01T10:29:37 CET" name="User" finished-at="2022-11-01T10:30:03 CET" duration-ms="25735">
      <class name="com.telran.tests.bookstore.LoginTests">
        <test-method is-config="true" signature="init()[pri:0, instance:com.telran.tests.bookstore.LoginTests@1169afe1]" started-at="2022-11-01T10:29:37 CET" name="init" finished-at="2022-11-01T10:29:44 CET" duration-ms="6711" status="PASS">
          <reporter-output>
          </reporter-output>
        </test-method> <!-- init -->
        <test-method is-config="true" signature="startTest(java.lang.reflect.Method, [Ljava.lang.Object;)[pri:0, instance:com.telran.tests.bookstore.LoginTests@1169afe1]" started-at="2022-11-01T10:29:44 CET" name="startTest" finished-at="2022-11-01T10:29:44 CET" duration-ms="8" status="PASS">
          <params>
            <param index="0">
              <value>
                <![CDATA[public void com.telran.tests.bookstore.LoginTests.loginPositiveParametersTest(java.lang.String,java.lang.String)]]>
              </value>
            </param>
            <param index="1">
              <value>
                <![CDATA[[Ljava.lang.Object;@773e2eb5]]>
              </value>
            </param>
          </params>
          <reporter-output>
          </reporter-output>
        </test-method> <!-- startTest -->
        <test-method is-config="true" signature="ensurePrecondition()[pri:0, instance:com.telran.tests.bookstore.LoginTests@1169afe1]" started-at="2022-11-01T10:29:44 CET" name="ensurePrecondition" finished-at="2022-11-01T10:29:47 CET" duration-ms="2627" status="PASS">
          <reporter-output>
          </reporter-output>
        </test-method> <!-- ensurePrecondition -->
        <test-method signature="loginPositiveParametersTest(java.lang.String, java.lang.String)[pri:0, instance:com.telran.tests.bookstore.LoginTests@1169afe1]" started-at="2022-11-01T10:29:47 CET" name="loginPositiveParametersTest" finished-at="2022-11-01T10:29:49 CET" duration-ms="2250" status="PASS">
          <params>
            <param index="0">
              <value>
                <![CDATA[MaxMiller]]>
              </value>
            </param>
            <param index="1">
              <value>
                <![CDATA[Miller999!]]>
              </value>
            </param>
          </params>
          <reporter-output>
          </reporter-output>
        </test-method> <!-- loginPositiveParametersTest -->
        <test-method is-config="true" signature="logOut()[pri:0, instance:com.telran.tests.bookstore.LoginTests@1169afe1]" started-at="2022-11-01T10:29:49 CET" name="logOut" finished-at="2022-11-01T10:29:49 CET" duration-ms="119" status="PASS">
          <reporter-output>
          </reporter-output>
        </test-method> <!-- logOut -->
        <test-method is-config="true" signature="stopTest(org.testng.ITestResult)[pri:0, instance:com.telran.tests.bookstore.LoginTests@1169afe1]" started-at="2022-11-01T10:29:49 CET" name="stopTest" finished-at="2022-11-01T10:29:49 CET" duration-ms="3" status="PASS">
          <params>
            <param index="0">
              <value>
                <![CDATA[[TestResult name=loginPositiveParametersTest status=SUCCESS method=LoginTests.loginPositiveParametersTest(java.lang.String, java.lang.String)[pri:0, instance:com.telran.tests.bookstore.LoginTests@1169afe1] output={null}]]]>
              </value>
            </param>
          </params>
          <reporter-output>
          </reporter-output>
        </test-method> <!-- stopTest -->
        <test-method is-config="true" signature="init()[pri:0, instance:com.telran.tests.bookstore.LoginTests@1169afe1]" started-at="2022-11-01T10:29:49 CET" name="init" finished-at="2022-11-01T10:29:56 CET" duration-ms="6535" status="PASS">
          <reporter-output>
          </reporter-output>
        </test-method> <!-- init -->
        <test-method is-config="true" signature="startTest(java.lang.reflect.Method, [Ljava.lang.Object;)[pri:0, instance:com.telran.tests.bookstore.LoginTests@1169afe1]" started-at="2022-11-01T10:29:56 CET" name="startTest" finished-at="2022-11-01T10:29:56 CET" duration-ms="0" status="PASS">
          <params>
            <param index="0">
              <value>
                <![CDATA[public void com.telran.tests.bookstore.LoginTests.loginPositiveTest()]]>
              </value>
            </param>
            <param index="1">
              <value>
                <![CDATA[[Ljava.lang.Object;@7a2e0858]]>
              </value>
            </param>
          </params>
          <reporter-output>
          </reporter-output>
        </test-method> <!-- startTest -->
        <test-method is-config="true" signature="ensurePrecondition()[pri:0, instance:com.telran.tests.bookstore.LoginTests@1169afe1]" started-at="2022-11-01T10:29:56 CET" name="ensurePrecondition" finished-at="2022-11-01T10:29:59 CET" duration-ms="3131" status="PASS">
          <reporter-output>
          </reporter-output>
        </test-method> <!-- ensurePrecondition -->
        <test-method signature="loginPositiveTest()[pri:0, instance:com.telran.tests.bookstore.LoginTests@1169afe1]" started-at="2022-11-01T10:29:59 CET" name="loginPositiveTest" finished-at="2022-11-01T10:30:03 CET" duration-ms="4136" status="PASS">
          <reporter-output>
          </reporter-output>
        </test-method> <!-- loginPositiveTest -->
        <test-method is-config="true" signature="logOut()[pri:0, instance:com.telran.tests.bookstore.LoginTests@1169afe1]" started-at="2022-11-01T10:30:03 CET" name="logOut" finished-at="2022-11-01T10:30:03 CET" duration-ms="136" status="PASS">
          <reporter-output>
          </reporter-output>
        </test-method> <!-- logOut -->
        <test-method is-config="true" signature="stopTest(org.testng.ITestResult)[pri:0, instance:com.telran.tests.bookstore.LoginTests@1169afe1]" started-at="2022-11-01T10:30:03 CET" name="stopTest" finished-at="2022-11-01T10:30:03 CET" duration-ms="6" status="PASS">
          <params>
            <param index="0">
              <value>
                <![CDATA[[TestResult name=loginPositiveTest status=SUCCESS method=LoginTests.loginPositiveTest()[pri:0, instance:com.telran.tests.bookstore.LoginTests@1169afe1] output={null}]]]>
              </value>
            </param>
          </params>
          <reporter-output>
          </reporter-output>
        </test-method> <!-- stopTest -->
      </class> <!-- com.telran.tests.bookstore.LoginTests -->
    </test> <!-- User -->
  </suite> <!-- User -->
</testng-results>
