<?xml version="1.0" encoding="UTF-8"?>
<testsuite xmlns:xsi="http://www.w3.org/2001/XMLSchema-instance" xsi:noNamespaceSchemaLocation="https://maven.apache.org/surefire/maven-surefire-plugin/xsd/surefire-test-report.xsd" name="TestSuite" time="31.572" tests="3" errors="0" skipped="0" failures="0">
  <properties>
[...]
</properties>
  <testcase name="clickMeTest" classname="com.telran.tests.element.ButtonsTest" time="0.995"/>
  <testcase name="doubleClickTest" classname="com.telran.tests.element.ButtonsTest" time="0.618"/>
  <testcase name="rightClickTest" classname="com.telran.tests.element.ButtonsTest" time="0.687"/>
</testsuite>